0 info it worked if it ends with ok
1 verbose cli [ 'C:\\Program Files\\nodejs\\node.exe',
1 verbose cli   'C:\\Program Files\\nodejs\\node_modules\\npm\\bin\\npm-cli.js',
1 verbose cli   'install',
1 verbose cli   'mongo' ]
2 info using npm@2.15.8
3 info using node@v4.4.7
4 verbose install initial load of C:\Users\Montero\Desktop\OkoaMama\package.json
5 verbose installManyTop reading scoped package data from C:\Users\Montero\Desktop\OkoaMama\node_modules\body-parser\package.json
6 verbose installManyTop reading scoped package data from C:\Users\Montero\Desktop\OkoaMama\node_modules\express\package.json
7 verbose readDependencies loading dependencies from C:\Users\Montero\Desktop\OkoaMama\package.json
8 silly cache add args [ 'mongo', null ]
9 verbose cache add spec mongo
10 silly cache add parsed spec Result {
10 silly cache add   raw: 'mongo',
10 silly cache add   scope: null,
10 silly cache add   name: 'mongo',
10 silly cache add   rawSpec: '',
10 silly cache add   spec: 'latest',
10 silly cache add   type: 'tag' }
11 silly addNamed mongo@latest
12 verbose addNamed "latest" is being treated as a dist-tag for mongo
13 info addNameTag [ 'mongo', 'latest' ]
14 silly mapToRegistry name mongo
15 silly mapToRegistry using default registry
16 silly mapToRegistry registry https://registry.npmjs.org/
17 silly mapToRegistry data Result {
17 silly mapToRegistry   raw: 'mongo',
17 silly mapToRegistry   scope: null,
17 silly mapToRegistry   name: 'mongo',
17 silly mapToRegistry   rawSpec: '',
17 silly mapToRegistry   spec: 'latest',
17 silly mapToRegistry   type: 'tag' }
18 silly mapToRegistry uri https://registry.npmjs.org/mongo
19 verbose addNameTag registry:https://registry.npmjs.org/mongo not in flight; fetching
20 verbose request uri https://registry.npmjs.org/mongo
21 verbose request no auth needed
22 info attempt registry request try #1 at 4:47:05 PM
23 verbose request id 91ac4985a07f0e04
24 http request GET https://registry.npmjs.org/mongo
25 info retry will retry, error on last attempt: Error: getaddrinfo ENOTFOUND registry.npmjs.org registry.npmjs.org:443
26 info attempt registry request try #2 at 4:47:15 PM
27 http request GET https://registry.npmjs.org/mongo
28 info retry will retry, error on last attempt: Error: getaddrinfo ENOTFOUND registry.npmjs.org registry.npmjs.org:443
29 info attempt registry request try #3 at 4:48:15 PM
30 http request GET https://registry.npmjs.org/mongo
31 verbose stack Error: getaddrinfo ENOTFOUND registry.npmjs.org registry.npmjs.org:443
31 verbose stack     at errnoException (dns.js:27:10)
31 verbose stack     at GetAddrInfoReqWrap.onlookup [as oncomplete] (dns.js:78:26)
32 verbose cwd C:\Users\Montero\Desktop\OkoaMama
33 error Windows_NT 6.1.7601
34 error argv "C:\\Program Files\\nodejs\\node.exe" "C:\\Program Files\\nodejs\\node_modules\\npm\\bin\\npm-cli.js" "install" "mongo"
35 error node v4.4.7
36 error npm  v2.15.8
37 error code ENOTFOUND
38 error errno ENOTFOUND
39 error syscall getaddrinfo
40 error network getaddrinfo ENOTFOUND registry.npmjs.org registry.npmjs.org:443
40 error network This is most likely not a problem with npm itself
40 error network and is related to network connectivity.
40 error network In most cases you are behind a proxy or have bad network settings.
40 error network
40 error network If you are behind a proxy, please make sure that the
40 error network 'proxy' config is set properly.  See: 'npm help config'
41 verbose exit [ 1, true ]
